system   D            wsystem.c:583  maybe_parent_dir                 [   0.00205] Also searching C:\Users\c2031779\Desktop\Lua-Project\
system   D            wsystem.c:633  _al_win_safe_load_library        [   0.00337] PathFindOnPath found: C:\WINDOWS\system32\d3d9.dll
system   D            wsystem.c:544  load_library_at_path             [   0.00342] Calling LoadLibrary C:\WINDOWS\system32\d3d9.dll
system   I            wsystem.c:547  load_library_at_path             [   0.02351] Loaded C:\WINDOWS\system32\d3d9.dll
d3d      I         d3d_disp.cpp:696  _al_d3d_init_display             [   0.10856] Render-to-texture: 1
system   I             system.c:252  al_install_system                [   0.10859] Allegro version: 5.0.10
d3d      I         d3d_disp.cpp:1737 d3d_create_display_locked        [   0.10999] faux_fullscreen=0
d3d      D         d3d_disp.cpp:1738 d3d_create_display_locked        [   0.11001] al_display=02AD0198
d3d      D         d3d_disp.cpp:1739 d3d_create_display_locked        [   0.11001] al_display->vt=02B95E08
d3d      I d3d_display_formats.cpp:144  _al_d3d_generate_display_format_list [   0.12023] found 160 format combinations
display  D   display_settings.c:191  debug_display_settings           [   0.12026] color: 32 (rgba 8880), depth: 0, stencil: 0, acc: 0000, samples: 0/0
display  D   display_settings.c:506  _al_score_display_settings       [   0.12027] Score is : 897
display  D   display_settings.c:191  debug_display_settings           [   0.12028] color: 32 (rgba 8880), depth: 0, stencil: 0, acc: 0000, samples: 0/0
display  D   display_settings.c:506  _al_score_display_settings       [   0.12029] Score is : 897
display  D   display_settings.c:191  debug_display_settings           [   0.12029] color: 32 (rgba 8880), depth: 0, stencil: 0, acc: 0000, samples: 2/1
display  D   display_settings.c:506  _al_score_display_settings       [   0.12030] Score is : 726
display  D   display_settings.c:191  debug_display_settings           [   0.12033] color: 32 (rgba 8880), depth: 0, stencil: 0, acc: 0000, samples: 3/1
display  D   display_settings.c:506  _al_score_display_settings       [   0.12035] Score is : 721
display  D   display_settings.c:191  debug_display_settings           [   0.12036] color: 32 (rgba 8880), depth: 0, stencil: 0, acc: 0000, samples: 4/1
display  D   display_settings.c:506  _al_score_display_settings       [   0.12037] Score is : 717
display  D   display_settings.c:191  debug_display_settings           [   0.12038] color: 32 (rgba 8880), depth: 24, stencil: 8, acc: 0000, samples: 0/0
display  D   display_settings.c:506  _al_score_display_settings       [   0.12039] Score is : 897
display  D   display_settings.c:191  debug_display_settings           [   0.12040] color: 32 (rgba 8880), depth: 24, stencil: 8, acc: 0000, samples: 0/0
display  D   display_settings.c:506  _al_score_display_settings       [   0.12040] Score is : 897
display  D   display_settings.c:191  debug_display_settings           [   0.12041] color: 32 (rgba 8880), depth: 24, stencil: 8, acc: 0000, samples: 2/1
display  D   display_settings.c:506  _al_score_display_settings       [   0.12042] Score is : 726
display  D   display_settings.c:191  debug_display_settings           [   0.12043] color: 32 (rgba 8880), depth: 24, stencil: 8, acc: 0000, samples: 3/1
display  D   display_settings.c:506  _al_score_display_settings       [   0.12044] Score is : 721
display  D   display_settings.c:191  debug_display_settings           [   0.12044] color: 32 (rgba 8880), depth: 24, stencil: 8, acc: 0000, samples: 4/1
display  D   display_settings.c:506  _al_score_display_settings       [   0.12045] Score is : 717
display  D   display_settings.c:191  debug_display_settings           [   0.12046] color: 32 (rgba 8880), depth: 24, stencil: 0, acc: 0000, samples: 0/0
display  D   display_settings.c:506  _al_score_display_settings       [   0.12047] Score is : 897
display  D   display_settings.c:191  debug_display_settings           [   0.12047] color: 32 (rgba 8880), depth: 24, stencil: 0, acc: 0000, samples: 0/0
display  D   display_settings.c:506  _al_score_display_settings       [   0.12052] Score is : 897
display  D   display_settings.c:191  debug_display_settings           [   0.12053] color: 32 (rgba 8880), depth: 24, stencil: 0, acc: 0000, samples: 2/1
display  D   display_settings.c:506  _al_score_display_settings       [   0.12054] Score is : 726
display  D   display_settings.c:191  debug_display_settings           [   0.12055] color: 32 (rgba 8880), depth: 24, stencil: 0, acc: 0000, samples: 3/1
display  D   display_settings.c:506  _al_score_display_settings       [   0.12055] Score is : 721
display  D   display_settings.c:191  debug_display_settings           [   0.12056] color: 32 (rgba 8880), depth: 24, stencil: 0, acc: 0000, samples: 4/1
display  D   display_settings.c:506  _al_score_display_settings       [   0.12057] Score is : 717
display  D   display_settings.c:191  debug_display_settings           [   0.12058] color: 32 (rgba 8880), depth: 16, stencil: 0, acc: 0000, samples: 0/0
display  D   display_settings.c:506  _al_score_display_settings       [   0.12059] Score is : 897
display  D   display_settings.c:191  debug_display_settings           [   0.12059] color: 32 (rgba 8880), depth: 16, stencil: 0, acc: 0000, samples: 0/0
display  D   display_settings.c:506  _al_score_display_settings       [   0.12060] Score is : 897
display  D   display_settings.c:191  debug_display_settings           [   0.12061] color: 32 (rgba 8880), depth: 16, stencil: 0, acc: 0000, samples: 2/1
display  D   display_settings.c:506  _al_score_display_settings       [   0.12062] Score is : 726
display  D   display_settings.c:191  debug_display_settings           [   0.12062] color: 32 (rgba 8880), depth: 16, stencil: 0, acc: 0000, samples: 3/1
display  D   display_settings.c:506  _al_score_display_settings       [   0.12063] Score is : 721
display  D   display_settings.c:191  debug_display_settings           [   0.12064] color: 32 (rgba 8880), depth: 16, stencil: 0, acc: 0000, samples: 4/1
display  D   display_settings.c:506  _al_score_display_settings       [   0.12065] Score is : 717
display  D   display_settings.c:191  debug_display_settings           [   0.12065] color: 16 (rgba 5650), depth: 0, stencil: 0, acc: 0000, samples: 0/0
display  D   display_settings.c:506  _al_score_display_settings       [   0.12066] Score is : 897
display  D   display_settings.c:191  debug_display_settings           [   0.12067] color: 16 (rgba 5650), depth: 0, stencil: 0, acc: 0000, samples: 0/0
display  D   display_settings.c:506  _al_score_display_settings       [   0.12068] Score is : 897
display  D   display_settings.c:191  debug_display_settings           [   0.12068] color: 16 (rgba 5650), depth: 0, stencil: 0, acc: 0000, samples: 2/1
display  D   display_settings.c:506  _al_score_display_settings       [   0.12069] Score is : 726
display  D   display_settings.c:191  debug_display_settings           [   0.12070] color: 16 (rgba 5650), depth: 0, stencil: 0, acc: 0000, samples: 3/1
display  D   display_settings.c:506  _al_score_display_settings       [   0.12071] Score is : 721
display  D   display_settings.c:191  debug_display_settings           [   0.12072] color: 16 (rgba 5650), depth: 0, stencil: 0, acc: 0000, samples: 4/1
display  D   display_settings.c:506  _al_score_display_settings       [   0.12073] Score is : 717
display  D   display_settings.c:191  debug_display_settings           [   0.12073] color: 16 (rgba 5650), depth: 24, stencil: 8, acc: 0000, samples: 0/0
display  D   display_settings.c:506  _al_score_display_settings       [   0.12074] Score is : 897
display  D   display_settings.c:191  debug_display_settings           [   0.12075] color: 16 (rgba 5650), depth: 24, stencil: 8, acc: 0000, samples: 0/0
display  D   display_settings.c:506  _al_score_display_settings       [   0.12076] Score is : 897
display  D   display_settings.c:191  debug_display_settings           [   0.12076] color: 16 (rgba 5650), depth: 24, stencil: 8, acc: 0000, samples: 2/1
display  D   display_settings.c:506  _al_score_display_settings       [   0.12077] Score is : 726
display  D   display_settings.c:191  debug_display_settings           [   0.12078] color: 16 (rgba 5650), depth: 24, stencil: 8, acc: 0000, samples: 3/1
display  D   display_settings.c:506  _al_score_display_settings       [   0.12079] Score is : 721
display  D   display_settings.c:191  debug_display_settings           [   0.12080] color: 16 (rgba 5650), depth: 24, stencil: 8, acc: 0000, samples: 4/1
display  D   display_settings.c:506  _al_score_display_settings       [   0.12081] Score is : 717
display  D   display_settings.c:191  debug_display_settings           [   0.12081] color: 16 (rgba 5650), depth: 24, stencil: 0, acc: 0000, samples: 0/0
display  D   display_settings.c:506  _al_score_display_settings       [   0.12082] Score is : 897
display  D   display_settings.c:191  debug_display_settings           [   0.12083] color: 16 (rgba 5650), depth: 24, stencil: 0, acc: 0000, samples: 0/0
display  D   display_settings.c:506  _al_score_display_settings       [   0.12084] Score is : 897
display  D   display_settings.c:191  debug_display_settings           [   0.12085] color: 16 (rgba 5650), depth: 24, stencil: 0, acc: 0000, samples: 2/1
display  D   display_settings.c:506  _al_score_display_settings       [   0.12085] Score is : 726
display  D   display_settings.c:191  debug_display_settings           [   0.12086] color: 16 (rgba 5650), depth: 24, stencil: 0, acc: 0000, samples: 3/1
display  D   display_settings.c:506  _al_score_display_settings       [   0.12087] Score is : 721
display  D   display_settings.c:191  debug_display_settings           [   0.12088] color: 16 (rgba 5650), depth: 24, stencil: 0, acc: 0000, samples: 4/1
display  D   display_settings.c:506  _al_score_display_settings       [   0.12089] Score is : 717
display  D   display_settings.c:191  debug_display_settings           [   0.12089] color: 16 (rgba 5650), depth: 16, stencil: 0, acc: 0000, samples: 0/0
display  D   display_settings.c:506  _al_score_display_settings       [   0.12090] Score is : 897
display  D   display_settings.c:191  debug_display_settings           [   0.12091] color: 16 (rgba 5650), depth: 16, stencil: 0, acc: 0000, samples: 0/0
display  D   display_settings.c:506  _al_score_display_settings       [   0.12092] Score is : 897
display  D   display_settings.c:191  debug_display_settings           [   0.12093] color: 16 (rgba 5650), depth: 16, stencil: 0, acc: 0000, samples: 2/1
display  D   display_settings.c:506  _al_score_display_settings       [   0.12093] Score is : 726
display  D   display_settings.c:191  debug_display_settings           [   0.12094] color: 16 (rgba 5650), depth: 16, stencil: 0, acc: 0000, samples: 3/1
display  D   display_settings.c:506  _al_score_display_settings       [   0.12095] Score is : 721
display  D   display_settings.c:191  debug_display_settings           [   0.12096] color: 16 (rgba 5650), depth: 16, stencil: 0, acc: 0000, samples: 4/1
display  D   display_settings.c:506  _al_score_display_settings       [   0.12097] Score is : 717
display  D   display_settings.c:191  debug_display_settings           [   0.12097] color: 32 (rgba 8880), depth: 0, stencil: 0, acc: 0000, samples: 0/0
display  D   display_settings.c:377  _al_score_display_settings       [   0.12098] Single Buffer requirement not met.
display  D   display_settings.c:191  debug_display_settings           [   0.12099] color: 32 (rgba 8880), depth: 0, stencil: 0, acc: 0000, samples: 0/0
display  D   display_settings.c:377  _al_score_display_settings       [   0.12100] Single Buffer requirement not met.
display  D   display_settings.c:191  debug_display_settings           [   0.12100] color: 32 (rgba 8880), depth: 0, stencil: 0, acc: 0000, samples: 2/1
display  D   display_settings.c:377  _al_score_display_settings       [   0.12101] Single Buffer requirement not met.
display  D   display_settings.c:191  debug_display_settings           [   0.12102] color: 32 (rgba 8880), depth: 0, stencil: 0, acc: 0000, samples: 3/1
display  D   display_settings.c:377  _al_score_display_settings       [   0.12103] Single Buffer requirement not met.
display  D   display_settings.c:191  debug_display_settings           [   0.12104] color: 32 (rgba 8880), depth: 0, stencil: 0, acc: 0000, samples: 4/1
display  D   display_settings.c:377  _al_score_display_settings       [   0.12105] Single Buffer requirement not met.
display  D   display_settings.c:191  debug_display_settings           [   0.12106] color: 32 (rgba 8880), depth: 24, stencil: 8, acc: 0000, samples: 0/0
display  D   display_settings.c:377  _al_score_display_settings       [   0.12106] Single Buffer requirement not met.
display  D   display_settings.c:191  debug_display_settings           [   0.12107] color: 32 (rgba 8880), depth: 24, stencil: 8, acc: 0000, samples: 0/0
display  D   display_settings.c:377  _al_score_display_settings       [   0.12108] Single Buffer requirement not met.
display  D   display_settings.c:191  debug_display_settings           [   0.12109] color: 32 (rgba 8880), depth: 24, stencil: 8, acc: 0000, samples: 2/1
display  D   display_settings.c:377  _al_score_display_settings       [   0.12110] Single Buffer requirement not met.
display  D   display_settings.c:191  debug_display_settings           [   0.12110] color: 32 (rgba 8880), depth: 24, stencil: 8, acc: 0000, samples: 3/1
display  D   display_settings.c:377  _al_score_display_settings       [   0.12111] Single Buffer requirement not met.
display  D   display_settings.c:191  debug_display_settings           [   0.12112] color: 32 (rgba 8880), depth: 24, stencil: 8, acc: 0000, samples: 4/1
display  D   display_settings.c:377  _al_score_display_settings       [   0.12113] Single Buffer requirement not met.
display  D   display_settings.c:191  debug_display_settings           [   0.12113] color: 32 (rgba 8880), depth: 24, stencil: 0, acc: 0000, samples: 0/0
display  D   display_settings.c:377  _al_score_display_settings       [   0.12114] Single Buffer requirement not met.
display  D   display_settings.c:191  debug_display_settings           [   0.12115] color: 32 (rgba 8880), depth: 24, stencil: 0, acc: 0000, samples: 0/0
display  D   display_settings.c:377  _al_score_display_settings       [   0.12116] Single Buffer requirement not met.
display  D   display_settings.c:191  debug_display_settings           [   0.12117] color: 32 (rgba 8880), depth: 24, stencil: 0, acc: 0000, samples: 2/1
display  D   display_settings.c:377  _al_score_display_settings       [   0.12117] Single Buffer requirement not met.
display  D   display_settings.c:191  debug_display_settings           [   0.12118] color: 32 (rgba 8880), depth: 24, stencil: 0, acc: 0000, samples: 3/1
display  D   display_settings.c:377  _al_score_display_settings       [   0.12119] Single Buffer requirement not met.
display  D   display_settings.c:191  debug_display_settings           [   0.12120] color: 32 (rgba 8880), depth: 24, stencil: 0, acc: 0000, samples: 4/1
display  D   display_settings.c:377  _al_score_display_settings       [   0.12121] Single Buffer requirement not met.
display  D   display_settings.c:191  debug_display_settings           [   0.12121] color: 32 (rgba 8880), depth: 16, stencil: 0, acc: 0000, samples: 0/0
display  D   display_settings.c:377  _al_score_display_settings       [   0.12122] Single Buffer requirement not met.
display  D   display_settings.c:191  debug_display_settings           [   0.12123] color: 32 (rgba 8880), depth: 16, stencil: 0, acc: 0000, samples: 0/0
display  D   display_settings.c:377  _al_score_display_settings       [   0.12124] Single Buffer requirement not met.
display  D   display_settings.c:191  debug_display_settings           [   0.12124] color: 32 (rgba 8880), depth: 16, stencil: 0, acc: 0000, samples: 2/1
display  D   display_settings.c:377  _al_score_display_settings       [   0.12125] Single Buffer requirement not met.
display  D   display_settings.c:191  debug_display_settings           [   0.12126] color: 32 (rgba 8880), depth: 16, stencil: 0, acc: 0000, samples: 3/1
display  D   display_settings.c:377  _al_score_display_settings       [   0.12127] Single Buffer requirement not met.
display  D   display_settings.c:191  debug_display_settings           [   0.12130] color: 32 (rgba 8880), depth: 16, stencil: 0, acc: 0000, samples: 4/1
display  D   display_settings.c:377  _al_score_display_settings       [   0.12131] Single Buffer requirement not met.
display  D   display_settings.c:191  debug_display_settings           [   0.12132] color: 16 (rgba 5650), depth: 0, stencil: 0, acc: 0000, samples: 0/0
display  D   display_settings.c:377  _al_score_display_settings       [   0.12133] Single Buffer requirement not met.
display  D   display_settings.c:191  debug_display_settings           [   0.12134] color: 16 (rgba 5650), depth: 0, stencil: 0, acc: 0000, samples: 0/0
display  D   display_settings.c:377  _al_score_display_settings       [   0.12134] Single Buffer requirement not met.
display  D   display_settings.c:191  debug_display_settings           [   0.12135] color: 16 (rgba 5650), depth: 0, stencil: 0, acc: 0000, samples: 2/1
display  D   display_settings.c:377  _al_score_display_settings       [   0.12136] Single Buffer requirement not met.
display  D   display_settings.c:191  debug_display_settings           [   0.12137] color: 16 (rgba 5650), depth: 0, stencil: 0, acc: 0000, samples: 3/1
display  D   display_settings.c:377  _al_score_display_settings       [   0.12138] Single Buffer requirement not met.
display  D   display_settings.c:191  debug_display_settings           [   0.12138] color: 16 (rgba 5650), depth: 0, stencil: 0, acc: 0000, samples: 4/1
display  D   display_settings.c:377  _al_score_display_settings       [   0.12139] Single Buffer requirement not met.
display  D   display_settings.c:191  debug_display_settings           [   0.12140] color: 16 (rgba 5650), depth: 24, stencil: 8, acc: 0000, samples: 0/0
display  D   display_settings.c:377  _al_score_display_settings       [   0.12141] Single Buffer requirement not met.
display  D   display_settings.c:191  debug_display_settings           [   0.12142] color: 16 (rgba 5650), depth: 24, stencil: 8, acc: 0000, samples: 0/0
display  D   display_settings.c:377  _al_score_display_settings       [   0.12143] Single Buffer requirement not met.
display  D   display_settings.c:191  debug_display_settings           [   0.12143] color: 16 (rgba 5650), depth: 24, stencil: 8, acc: 0000, samples: 2/1
display  D   display_settings.c:377  _al_score_display_settings       [   0.12144] Single Buffer requirement not met.
display  D   display_settings.c:191  debug_display_settings           [   0.12145] color: 16 (rgba 5650), depth: 24, stencil: 8, acc: 0000, samples: 3/1
display  D   display_settings.c:377  _al_score_display_settings       [   0.12146] Single Buffer requirement not met.
display  D   display_settings.c:191  debug_display_settings           [   0.12146] color: 16 (rgba 5650), depth: 24, stencil: 8, acc: 0000, samples: 4/1
display  D   display_settings.c:377  _al_score_display_settings       [   0.12147] Single Buffer requirement not met.
display  D   display_settings.c:191  debug_display_settings           [   0.12148] color: 16 (rgba 5650), depth: 24, stencil: 0, acc: 0000, samples: 0/0
display  D   display_settings.c:377  _al_score_display_settings       [   0.12149] Single Buffer requirement not met.
display  D   display_settings.c:191  debug_display_settings           [   0.12150] color: 16 (rgba 5650), depth: 24, stencil: 0, acc: 0000, samples: 0/0
display  D   display_settings.c:377  _al_score_display_settings       [   0.12150] Single Buffer requirement not met.
display  D   display_settings.c:191  debug_display_settings           [   0.12151] color: 16 (rgba 5650), depth: 24, stencil: 0, acc: 0000, samples: 2/1
display  D   display_settings.c:377  _al_score_display_settings       [   0.12152] Single Buffer requirement not met.
display  D   display_settings.c:191  debug_display_settings           [   0.12153] color: 16 (rgba 5650), depth: 24, stencil: 0, acc: 0000, samples: 3/1
display  D   display_settings.c:377  _al_score_display_settings       [   0.12154] Single Buffer requirement not met.
display  D   display_settings.c:191  debug_display_settings           [   0.12154] color: 16 (rgba 5650), depth: 24, stencil: 0, acc: 0000, samples: 4/1
display  D   display_settings.c:377  _al_score_display_settings       [   0.12155] Single Buffer requirement not met.
display  D   display_settings.c:191  debug_display_settings           [   0.12156] color: 16 (rgba 5650), depth: 16, stencil: 0, acc: 0000, samples: 0/0
display  D   display_settings.c:377  _al_score_display_settings       [   0.12157] Single Buffer requirement not met.
display  D   display_settings.c:191  debug_display_settings           [   0.12158] color: 16 (rgba 5650), depth: 16, stencil: 0, acc: 0000, samples: 0/0
display  D   display_settings.c:377  _al_score_display_settings       [   0.12159] Single Buffer requirement not met.
display  D   display_settings.c:191  debug_display_settings           [   0.12159] color: 16 (rgba 5650), depth: 16, stencil: 0, acc: 0000, samples: 2/1
display  D   display_settings.c:377  _al_score_display_settings       [   0.12160] Single Buffer requirement not met.
display  D   display_settings.c:191  debug_display_settings           [   0.12161] color: 16 (rgba 5650), depth: 16, stencil: 0, acc: 0000, samples: 3/1
display  D   display_settings.c:377  _al_score_display_settings       [   0.12162] Single Buffer requirement not met.
display  D   display_settings.c:191  debug_display_settings           [   0.12162] color: 16 (rgba 5650), depth: 16, stencil: 0, acc: 0000, samples: 4/1
display  D   display_settings.c:377  _al_score_display_settings       [   0.12163] Single Buffer requirement not met.
display  D   display_settings.c:191  debug_display_settings           [   0.12164] color: 32 (rgba 8880), depth: 0, stencil: 0, acc: 0000, samples: 0/0
display  D   display_settings.c:506  _al_score_display_settings       [   0.12165] Score is : 769
display  D   display_settings.c:191  debug_display_settings           [   0.12165] color: 32 (rgba 8880), depth: 0, stencil: 0, acc: 0000, samples: 0/0
display  D   display_settings.c:506  _al_score_display_settings       [   0.12166] Score is : 769
display  D   display_settings.c:191  debug_display_settings           [   0.12167] color: 32 (rgba 8880), depth: 0, stencil: 0, acc: 0000, samples: 2/1
display  D   display_settings.c:506  _al_score_display_settings       [   0.12168] Score is : 598
display  D   display_settings.c:191  debug_display_settings           [   0.12169] color: 32 (rgba 8880), depth: 0, stencil: 0, acc: 0000, samples: 3/1
display  D   display_settings.c:506  _al_score_display_settings       [   0.12169] Score is : 593
display  D   display_settings.c:191  debug_display_settings           [   0.12170] color: 32 (rgba 8880), depth: 0, stencil: 0, acc: 0000, samples: 4/1
display  D   display_settings.c:506  _al_score_display_settings       [   0.12171] Score is : 589
display  D   display_settings.c:191  debug_display_settings           [   0.12172] color: 32 (rgba 8880), depth: 24, stencil: 8, acc: 0000, samples: 0/0
display  D   display_settings.c:506  _al_score_display_settings       [   0.12172] Score is : 769
display  D   display_settings.c:191  debug_display_settings           [   0.12173] color: 32 (rgba 8880), depth: 24, stencil: 8, acc: 0000, samples: 0/0
display  D   display_settings.c:506  _al_score_display_settings       [   0.12174] Score is : 769
display  D   display_settings.c:191  debug_display_settings           [   0.12175] color: 32 (rgba 8880), depth: 24, stencil: 8, acc: 0000, samples: 2/1
display  D   display_settings.c:506  _al_score_display_settings       [   0.12176] Score is : 598
display  D   display_settings.c:191  debug_display_settings           [   0.12176] color: 32 (rgba 8880), depth: 24, stencil: 8, acc: 0000, samples: 3/1
display  D   display_settings.c:506  _al_score_display_settings       [   0.12177] Score is : 593
display  D   display_settings.c:191  debug_display_settings           [   0.12178] color: 32 (rgba 8880), depth: 24, stencil: 8, acc: 0000, samples: 4/1
display  D   display_settings.c:506  _al_score_display_settings       [   0.12179] Score is : 589
display  D   display_settings.c:191  debug_display_settings           [   0.12179] color: 32 (rgba 8880), depth: 24, stencil: 0, acc: 0000, samples: 0/0
display  D   display_settings.c:506  _al_score_display_settings       [   0.12180] Score is : 769
display  D   display_settings.c:191  debug_display_settings           [   0.12181] color: 32 (rgba 8880), depth: 24, stencil: 0, acc: 0000, samples: 0/0
display  D   display_settings.c:506  _al_score_display_settings       [   0.12182] Score is : 769
display  D   display_settings.c:191  debug_display_settings           [   0.12183] color: 32 (rgba 8880), depth: 24, stencil: 0, acc: 0000, samples: 2/1
display  D   display_settings.c:506  _al_score_display_settings       [   0.12183] Score is : 598
display  D   display_settings.c:191  debug_display_settings           [   0.12184] color: 32 (rgba 8880), depth: 24, stencil: 0, acc: 0000, samples: 3/1
display  D   display_settings.c:506  _al_score_display_settings       [   0.12185] Score is : 593
display  D   display_settings.c:191  debug_display_settings           [   0.12186] color: 32 (rgba 8880), depth: 24, stencil: 0, acc: 0000, samples: 4/1
display  D   display_settings.c:506  _al_score_display_settings       [   0.12186] Score is : 589
display  D   display_settings.c:191  debug_display_settings           [   0.12187] color: 32 (rgba 8880), depth: 16, stencil: 0, acc: 0000, samples: 0/0
display  D   display_settings.c:506  _al_score_display_settings       [   0.12188] Score is : 769
display  D   display_settings.c:191  debug_display_settings           [   0.12189] color: 32 (rgba 8880), depth: 16, stencil: 0, acc: 0000, samples: 0/0
display  D   display_settings.c:506  _al_score_display_settings       [   0.12190] Score is : 769
display  D   display_settings.c:191  debug_display_settings           [   0.12190] color: 32 (rgba 8880), depth: 16, stencil: 0, acc: 0000, samples: 2/1
display  D   display_settings.c:506  _al_score_display_settings       [   0.12191] Score is : 598
display  D   display_settings.c:191  debug_display_settings           [   0.12192] color: 32 (rgba 8880), depth: 16, stencil: 0, acc: 0000, samples: 3/1
display  D   display_settings.c:506  _al_score_display_settings       [   0.12193] Score is : 593
display  D   display_settings.c:191  debug_display_settings           [   0.12193] color: 32 (rgba 8880), depth: 16, stencil: 0, acc: 0000, samples: 4/1
display  D   display_settings.c:506  _al_score_display_settings       [   0.12194] Score is : 589
display  D   display_settings.c:191  debug_display_settings           [   0.12195] color: 16 (rgba 5650), depth: 0, stencil: 0, acc: 0000, samples: 0/0
display  D   display_settings.c:506  _al_score_display_settings       [   0.12196] Score is : 769
display  D   display_settings.c:191  debug_display_settings           [   0.12196] color: 16 (rgba 5650), depth: 0, stencil: 0, acc: 0000, samples: 0/0
display  D   display_settings.c:506  _al_score_display_settings       [   0.12197] Score is : 769
display  D   display_settings.c:191  debug_display_settings           [   0.12198] color: 16 (rgba 5650), depth: 0, stencil: 0, acc: 0000, samples: 2/1
display  D   display_settings.c:506  _al_score_display_settings       [   0.12199] Score is : 598
display  D   display_settings.c:191  debug_display_settings           [   0.12200] color: 16 (rgba 5650), depth: 0, stencil: 0, acc: 0000, samples: 3/1
display  D   display_settings.c:506  _al_score_display_settings       [   0.12200] Score is : 593
display  D   display_settings.c:191  debug_display_settings           [   0.12201] color: 16 (rgba 5650), depth: 0, stencil: 0, acc: 0000, samples: 4/1
display  D   display_settings.c:506  _al_score_display_settings       [   0.12202] Score is : 589
display  D   display_settings.c:191  debug_display_settings           [   0.12203] color: 16 (rgba 5650), depth: 24, stencil: 8, acc: 0000, samples: 0/0
display  D   display_settings.c:506  _al_score_display_settings       [   0.12204] Score is : 769
display  D   display_settings.c:191  debug_display_settings           [   0.12204] color: 16 (rgba 5650), depth: 24, stencil: 8, acc: 0000, samples: 0/0
display  D   display_settings.c:506  _al_score_display_settings       [   0.12205] Score is : 769
display  D   display_settings.c:191  debug_display_settings           [   0.12206] color: 16 (rgba 5650), depth: 24, stencil: 8, acc: 0000, samples: 2/1
display  D   display_settings.c:506  _al_score_display_settings       [   0.12207] Score is : 598
display  D   display_settings.c:191  debug_display_settings           [   0.12208] color: 16 (rgba 5650), depth: 24, stencil: 8, acc: 0000, samples: 3/1
display  D   display_settings.c:506  _al_score_display_settings       [   0.12208] Score is : 593
display  D   display_settings.c:191  debug_display_settings           [   0.12209] color: 16 (rgba 5650), depth: 24, stencil: 8, acc: 0000, samples: 4/1
display  D   display_settings.c:506  _al_score_display_settings       [   0.12210] Score is : 589
display  D   display_settings.c:191  debug_display_settings           [   0.12211] color: 16 (rgba 5650), depth: 24, stencil: 0, acc: 0000, samples: 0/0
display  D   display_settings.c:506  _al_score_display_settings       [   0.12211] Score is : 769
display  D   display_settings.c:191  debug_display_settings           [   0.12212] color: 16 (rgba 5650), depth: 24, stencil: 0, acc: 0000, samples: 0/0
display  D   display_settings.c:506  _al_score_display_settings       [   0.12213] Score is : 769
display  D   display_settings.c:191  debug_display_settings           [   0.12214] color: 16 (rgba 5650), depth: 24, stencil: 0, acc: 0000, samples: 2/1
display  D   display_settings.c:506  _al_score_display_settings       [   0.12215] Score is : 598
display  D   display_settings.c:191  debug_display_settings           [   0.12215] color: 16 (rgba 5650), depth: 24, stencil: 0, acc: 0000, samples: 3/1
display  D   display_settings.c:506  _al_score_display_settings       [   0.12216] Score is : 593
display  D   display_settings.c:191  debug_display_settings           [   0.12217] color: 16 (rgba 5650), depth: 24, stencil: 0, acc: 0000, samples: 4/1
display  D   display_settings.c:506  _al_score_display_settings       [   0.12218] Score is : 589
display  D   display_settings.c:191  debug_display_settings           [   0.12218] color: 16 (rgba 5650), depth: 16, stencil: 0, acc: 0000, samples: 0/0
display  D   display_settings.c:506  _al_score_display_settings       [   0.12219] Score is : 769
display  D   display_settings.c:191  debug_display_settings           [   0.12220] color: 16 (rgba 5650), depth: 16, stencil: 0, acc: 0000, samples: 0/0
display  D   display_settings.c:506  _al_score_display_settings       [   0.12221] Score is : 769
display  D   display_settings.c:191  debug_display_settings           [   0.12221] color: 16 (rgba 5650), depth: 16, stencil: 0, acc: 0000, samples: 2/1
display  D   display_settings.c:506  _al_score_display_settings       [   0.12222] Score is : 598
display  D   display_settings.c:191  debug_display_settings           [   0.12223] color: 16 (rgba 5650), depth: 16, stencil: 0, acc: 0000, samples: 3/1
display  D   display_settings.c:506  _al_score_display_settings       [   0.12224] Score is : 593
display  D   display_settings.c:191  debug_display_settings           [   0.12224] color: 16 (rgba 5650), depth: 16, stencil: 0, acc: 0000, samples: 4/1
display  D   display_settings.c:506  _al_score_display_settings       [   0.12225] Score is : 589
display  D   display_settings.c:191  debug_display_settings           [   0.12226] color: 32 (rgba 8880), depth: 0, stencil: 0, acc: 0000, samples: 0/0
display  D   display_settings.c:377  _al_score_display_settings       [   0.12227] Single Buffer requirement not met.
display  D   display_settings.c:191  debug_display_settings           [   0.12228] color: 32 (rgba 8880), depth: 0, stencil: 0, acc: 0000, samples: 0/0
display  D   display_settings.c:377  _al_score_display_settings       [   0.12228] Single Buffer requirement not met.
display  D   display_settings.c:191  debug_display_settings           [   0.12231] color: 32 (rgba 8880), depth: 0, stencil: 0, acc: 0000, samples: 2/1
display  D   display_settings.c:377  _al_score_display_settings       [   0.12232] Single Buffer requirement not met.
display  D   display_settings.c:191  debug_display_settings           [   0.12233] color: 32 (rgba 8880), depth: 0, stencil: 0, acc: 0000, samples: 3/1
display  D   display_settings.c:377  _al_score_display_settings       [   0.12234] Single Buffer requirement not met.
display  D   display_settings.c:191  debug_display_settings           [   0.12235] color: 32 (rgba 8880), depth: 0, stencil: 0, acc: 0000, samples: 4/1
display  D   display_settings.c:377  _al_score_display_settings       [   0.12236] Single Buffer requirement not met.
display  D   display_settings.c:191  debug_display_settings           [   0.12236] color: 32 (rgba 8880), depth: 24, stencil: 8, acc: 0000, samples: 0/0
display  D   display_settings.c:377  _al_score_display_settings       [   0.12237] Single Buffer requirement not met.
display  D   display_settings.c:191  debug_display_settings           [   0.12238] color: 32 (rgba 8880), depth: 24, stencil: 8, acc: 0000, samples: 0/0
display  D   display_settings.c:377  _al_score_display_settings       [   0.12239] Single Buffer requirement not met.
display  D   display_settings.c:191  debug_display_settings           [   0.12239] color: 32 (rgba 8880), depth: 24, stencil: 8, acc: 0000, samples: 2/1
display  D   display_settings.c:377  _al_score_display_settings       [   0.12240] Single Buffer requirement not met.
display  D   display_settings.c:191  debug_display_settings           [   0.12241] color: 32 (rgba 8880), depth: 24, stencil: 8, acc: 0000, samples: 3/1
display  D   display_settings.c:377  _al_score_display_settings       [   0.12242] Single Buffer requirement not met.
display  D   display_settings.c:191  debug_display_settings           [   0.12243] color: 32 (rgba 8880), depth: 24, stencil: 8, acc: 0000, samples: 4/1
display  D   display_settings.c:377  _al_score_display_settings       [   0.12243] Single Buffer requirement not met.
display  D   display_settings.c:191  debug_display_settings           [   0.12244] color: 32 (rgba 8880), depth: 24, stencil: 0, acc: 0000, samples: 0/0
display  D   display_settings.c:377  _al_score_display_settings       [   0.12245] Single Buffer requirement not met.
display  D   display_settings.c:191  debug_display_settings           [   0.12246] color: 32 (rgba 8880), depth: 24, stencil: 0, acc: 0000, samples: 0/0
display  D   display_settings.c:377  _al_score_display_settings       [   0.12247] Single Buffer requirement not met.
display  D   display_settings.c:191  debug_display_settings           [   0.12247] color: 32 (rgba 8880), depth: 24, stencil: 0, acc: 0000, samples: 2/1
display  D   display_settings.c:377  _al_score_display_settings       [   0.12248] Single Buffer requirement not met.
display  D   display_settings.c:191  debug_display_settings           [   0.12249] color: 32 (rgba 8880), depth: 24, stencil: 0, acc: 0000, samples: 3/1
display  D   display_settings.c:377  _al_score_display_settings       [   0.12250] Single Buffer requirement not met.
display  D   display_settings.c:191  debug_display_settings           [   0.12251] color: 32 (rgba 8880), depth: 24, stencil: 0, acc: 0000, samples: 4/1
display  D   display_settings.c:377  _al_score_display_settings       [   0.12251] Single Buffer requirement not met.
display  D   display_settings.c:191  debug_display_settings           [   0.12252] color: 32 (rgba 8880), depth: 16, stencil: 0, acc: 0000, samples: 0/0
display  D   display_settings.c:377  _al_score_display_settings       [   0.12253] Single Buffer requirement not met.
display  D   display_settings.c:191  debug_display_settings           [   0.12254] color: 32 (rgba 8880), depth: 16, stencil: 0, acc: 0000, samples: 0/0
display  D   display_settings.c:377  _al_score_display_settings       [   0.12255] Single Buffer requirement not met.
display  D   display_settings.c:191  debug_display_settings           [   0.12256] color: 32 (rgba 8880), depth: 16, stencil: 0, acc: 0000, samples: 2/1
display  D   display_settings.c:377  _al_score_display_settings       [   0.12257] Single Buffer requirement not met.
display  D   display_settings.c:191  debug_display_settings           [   0.12257] color: 32 (rgba 8880), depth: 16, stencil: 0, acc: 0000, samples: 3/1
display  D   display_settings.c:377  _al_score_display_settings       [   0.12258] Single Buffer requirement not met.
display  D   display_settings.c:191  debug_display_settings           [   0.12259] color: 32 (rgba 8880), depth: 16, stencil: 0, acc: 0000, samples: 4/1
display  D   display_settings.c:377  _al_score_display_settings       [   0.12260] Single Buffer requirement not met.
display  D   display_settings.c:191  debug_display_settings           [   0.12260] color: 16 (rgba 5650), depth: 0, stencil: 0, acc: 0000, samples: 0/0
display  D   display_settings.c:377  _al_score_display_settings       [   0.12261] Single Buffer requirement not met.
display  D   display_settings.c:191  debug_display_settings           [   0.12262] color: 16 (rgba 5650), depth: 0, stencil: 0, acc: 0000, samples: 0/0
display  D   display_settings.c:377  _al_score_display_settings       [   0.12263] Single Buffer requirement not met.
display  D   display_settings.c:191  debug_display_settings           [   0.12264] color: 16 (rgba 5650), depth: 0, stencil: 0, acc: 0000, samples: 2/1
display  D   display_settings.c:377  _al_score_display_settings       [   0.12264] Single Buffer requirement not met.
display  D   display_settings.c:191  debug_display_settings           [   0.12265] color: 16 (rgba 5650), depth: 0, stencil: 0, acc: 0000, samples: 3/1
display  D   display_settings.c:377  _al_score_display_settings       [   0.12266] Single Buffer requirement not met.
display  D   display_settings.c:191  debug_display_settings           [   0.12267] color: 16 (rgba 5650), depth: 0, stencil: 0, acc: 0000, samples: 4/1
display  D   display_settings.c:377  _al_score_display_settings       [   0.12268] Single Buffer requirement not met.
display  D   display_settings.c:191  debug_display_settings           [   0.12268] color: 16 (rgba 5650), depth: 24, stencil: 8, acc: 0000, samples: 0/0
display  D   display_settings.c:377  _al_score_display_settings       [   0.12269] Single Buffer requirement not met.
display  D   display_settings.c:191  debug_display_settings           [   0.12270] color: 16 (rgba 5650), depth: 24, stencil: 8, acc: 0000, samples: 0/0
display  D   display_settings.c:377  _al_score_display_settings       [   0.12271] Single Buffer requirement not met.
display  D   display_settings.c:191  debug_display_settings           [   0.12272] color: 16 (rgba 5650), depth: 24, stencil: 8, acc: 0000, samples: 2/1
display  D   display_settings.c:377  _al_score_display_settings       [   0.12272] Single Buffer requirement not met.
display  D   display_settings.c:191  debug_display_settings           [   0.12273] color: 16 (rgba 5650), depth: 24, stencil: 8, acc: 0000, samples: 3/1
display  D   display_settings.c:377  _al_score_display_settings       [   0.12274] Single Buffer requirement not met.
display  D   display_settings.c:191  debug_display_settings           [   0.12275] color: 16 (rgba 5650), depth: 24, stencil: 8, acc: 0000, samples: 4/1
display  D   display_settings.c:377  _al_score_display_settings       [   0.12276] Single Buffer requirement not met.
display  D   display_settings.c:191  debug_display_settings           [   0.12276] color: 16 (rgba 5650), depth: 24, stencil: 0, acc: 0000, samples: 0/0
display  D   display_settings.c:377  _al_score_display_settings       [   0.12277] Single Buffer requirement not met.
display  D   display_settings.c:191  debug_display_settings           [   0.12278] color: 16 (rgba 5650), depth: 24, stencil: 0, acc: 0000, samples: 0/0
display  D   display_settings.c:377  _al_score_display_settings       [   0.12279] Single Buffer requirement not met.
display  D   display_settings.c:191  debug_display_settings           [   0.12280] color: 16 (rgba 5650), depth: 24, stencil: 0, acc: 0000, samples: 2/1
display  D   display_settings.c:377  _al_score_display_settings       [   0.12281] Single Buffer requirement not met.
display  D   display_settings.c:191  debug_display_settings           [   0.12281] color: 16 (rgba 5650), depth: 24, stencil: 0, acc: 0000, samples: 3/1
display  D   display_settings.c:377  _al_score_display_settings       [   0.12282] Single Buffer requirement not met.
display  D   display_settings.c:191  debug_display_settings           [   0.12283] color: 16 (rgba 5650), depth: 24, stencil: 0, acc: 0000, samples: 4/1
display  D   display_settings.c:377  _al_score_display_settings       [   0.12284] Single Buffer requirement not met.
display  D   display_settings.c:191  debug_display_settings           [   0.12284] color: 16 (rgba 5650), depth: 16, stencil: 0, acc: 0000, samples: 0/0
display  D   display_settings.c:377  _al_score_display_settings       [   0.12285] Single Buffer requirement not met.
display  D   display_settings.c:191  debug_display_settings           [   0.12286] color: 16 (rgba 5650), depth: 16, stencil: 0, acc: 0000, samples: 0/0
display  D   display_settings.c:377  _al_score_display_settings       [   0.12287] Single Buffer requirement not met.
display  D   display_settings.c:191  debug_display_settings           [   0.12288] color: 16 (rgba 5650), depth: 16, stencil: 0, acc: 0000, samples: 2/1
display  D   display_settings.c:377  _al_score_display_settings       [   0.12289] Single Buffer requirement not met.
display  D   display_settings.c:191  debug_display_settings           [   0.12289] color: 16 (rgba 5650), depth: 16, stencil: 0, acc: 0000, samples: 3/1
display  D   display_settings.c:377  _al_score_display_settings       [   0.12290] Single Buffer requirement not met.
display  D   display_settings.c:191  debug_display_settings           [   0.12291] color: 16 (rgba 5650), depth: 16, stencil: 0, acc: 0000, samples: 4/1
display  D   display_settings.c:377  _al_score_display_settings       [   0.12292] Single Buffer requirement not met.
d3d      D         d3d_disp.cpp:1645 d3d_create_display_internals     [   0.12295] Trying format 0.
d3d      I         d3d_disp.cpp:1326 d3d_display_thread_proc          [   0.12410] Chose a display format: 23
d3d      I         d3d_disp.cpp:1395 d3d_display_thread_proc          [   0.12413] Normal window.
d3d      I         d3d_disp.cpp:801  d3d_create_device                [   0.16373] Using no depth stencil buffer
d3d      D         d3d_disp.cpp:866  d3d_create_device                [   0.30321] BeginScene succeeded in create_device
d3d      D         d3d_disp.cpp:874  d3d_create_device                [   0.30323] Success
d3d      D         d3d_disp.cpp:1668 d3d_create_display_internals     [   0.30327] Resumed after wait.
d3d      I         d3d_disp.cpp:1701 d3d_create_display_internals     [   0.30331] Format 0 succeeded.
d3d      D         d3d_disp.cpp:1724 d3d_create_display_internals     [   0.30333] Returning d3d_display: 02AD0198
d3d      D         d3d_disp.cpp:1749 d3d_create_display_locked        [   0.30334] al_display=02AD0198
d3d      D         d3d_disp.cpp:1750 d3d_create_display_locked        [   0.30335] al_display->vt=02B95E08
font     D                ttf.c:792  al_load_ttf_font_stretch_f       [   0.31435] Font assets/DejaVuSans.ttf loaded with pixel size 0 x 70.
font     D                ttf.c:794  al_load_ttf_font_stretch_f       [   0.31436]     ascent=65.0, descent=-17.0, height=81.0
dtor     D               dtor.c:184  _al_register_destructor          [   0.31438] added dtor for object 0388A0B0, func 63921069
font     D                ttf.c:792  al_load_ttf_font_stretch_f       [   0.31469] Font assets/DejaVuSans.ttf loaded with pixel size 0 x 20.
font     D                ttf.c:794  al_load_ttf_font_stretch_f       [   0.31470]     ascent=19.0, descent=-5.0, height=23.0
dtor     D               dtor.c:184  _al_register_destructor          [   0.31472] added dtor for object 03889F60, func 63921069
dtor     D               dtor.c:184  _al_register_destructor          [   0.31592] added dtor for object 02B828F8, func 5B931A1E
dtor     D               dtor.c:184  _al_register_destructor          [   0.31596] added dtor for object 02B82568, func 5B931A1E
d3d      D         d3d_disp.cpp:1166 real_choose_bitmap_format        [   0.31626] Fake format
d3d      D         d3d_disp.cpp:1166 real_choose_bitmap_format        [   0.31627] Fake format
d3d      D         d3d_disp.cpp:1166 real_choose_bitmap_format        [   0.31629] Fake format
d3d      D         d3d_disp.cpp:1166 real_choose_bitmap_format        [   0.31630] Fake format
d3d      D         d3d_disp.cpp:1166 real_choose_bitmap_format        [   0.31631] Fake format
d3d      D         d3d_disp.cpp:1166 real_choose_bitmap_format        [   0.31632] Fake format
d3d      D         d3d_disp.cpp:1166 real_choose_bitmap_format        [   0.31633] Fake format
d3d      D         d3d_disp.cpp:1166 real_choose_bitmap_format        [   0.31634] Fake format
d3d      D         d3d_disp.cpp:1166 real_choose_bitmap_format        [   0.31635] Fake format
d3d      D         d3d_disp.cpp:1174 real_choose_bitmap_format        [   0.31636] Alpha doesn't match
d3d      D         d3d_disp.cpp:1181 real_choose_bitmap_format        [   0.31637] Adapter format is 23
d3d      D         d3d_disp.cpp:1184 real_choose_bitmap_format        [   0.31638] Found a format
d3d      I         d3d_disp.cpp:2283 _al_d3d_create_bitmap            [   0.31640] Chose bitmap format 9
dtor     D               dtor.c:184  _al_register_destructor          [   0.31693] added dtor for object 03926E18, func 5B93176C
d3d      D          d3d_bmp.cpp:467  _al_d3d_sync_bitmap              [   0.31704] _al_d3d_sync_bitmap (system) ref count == 1
d3d      D          d3d_bmp.cpp:473  _al_d3d_sync_bitmap              [   0.31707] _al_d3d_sync_bitmap (video) ref count == 1
d3d      D          d3d_bmp.cpp:467  _al_d3d_sync_bitmap              [   0.31827] _al_d3d_sync_bitmap (system) ref count == 1
d3d      D          d3d_bmp.cpp:473  _al_d3d_sync_bitmap              [   0.31829] _al_d3d_sync_bitmap (video) ref count == 1
d3d      D         d3d_disp.cpp:1166 real_choose_bitmap_format        [   0.31931] Fake format
d3d      D         d3d_disp.cpp:1166 real_choose_bitmap_format        [   0.31933] Fake format
d3d      D         d3d_disp.cpp:1166 real_choose_bitmap_format        [   0.31935] Fake format
d3d      D         d3d_disp.cpp:1166 real_choose_bitmap_format        [   0.31936] Fake format
d3d      D         d3d_disp.cpp:1166 real_choose_bitmap_format        [   0.31937] Fake format
d3d      D         d3d_disp.cpp:1166 real_choose_bitmap_format        [   0.31938] Fake format
d3d      D         d3d_disp.cpp:1166 real_choose_bitmap_format        [   0.31940] Fake format
d3d      D         d3d_disp.cpp:1166 real_choose_bitmap_format        [   0.31941] Fake format
d3d      D         d3d_disp.cpp:1166 real_choose_bitmap_format        [   0.31943] Fake format
d3d      D         d3d_disp.cpp:1174 real_choose_bitmap_format        [   0.31944] Alpha doesn't match
d3d      D         d3d_disp.cpp:1181 real_choose_bitmap_format        [   0.31945] Adapter format is 23
d3d      D         d3d_disp.cpp:1184 real_choose_bitmap_format        [   0.31946] Found a format
d3d      I         d3d_disp.cpp:2283 _al_d3d_create_bitmap            [   0.31947] Chose bitmap format 9
dtor     D               dtor.c:184  _al_register_destructor          [   0.31992] added dtor for object 0392EE10, func 5B93176C
d3d      D          d3d_bmp.cpp:467  _al_d3d_sync_bitmap              [   0.31997] _al_d3d_sync_bitmap (system) ref count == 1
d3d      D          d3d_bmp.cpp:473  _al_d3d_sync_bitmap              [   0.31999] _al_d3d_sync_bitmap (video) ref count == 1
d3d      D          d3d_bmp.cpp:467  _al_d3d_sync_bitmap              [   0.32067] _al_d3d_sync_bitmap (system) ref count == 1
d3d      D          d3d_bmp.cpp:473  _al_d3d_sync_bitmap              [   0.32069] _al_d3d_sync_bitmap (video) ref count == 1
d3d      D         d3d_disp.cpp:1166 real_choose_bitmap_format        [   0.32147] Fake format
d3d      D         d3d_disp.cpp:1166 real_choose_bitmap_format        [   0.32149] Fake format
d3d      D         d3d_disp.cpp:1166 real_choose_bitmap_format        [   0.32150] Fake format
d3d      D         d3d_disp.cpp:1166 real_choose_bitmap_format        [   0.32152] Fake format
d3d      D         d3d_disp.cpp:1166 real_choose_bitmap_format        [   0.32153] Fake format
d3d      D         d3d_disp.cpp:1166 real_choose_bitmap_format        [   0.32154] Fake format
d3d      D         d3d_disp.cpp:1166 real_choose_bitmap_format        [   0.32155] Fake format
d3d      D         d3d_disp.cpp:1166 real_choose_bitmap_format        [   0.32156] Fake format
d3d      D         d3d_disp.cpp:1166 real_choose_bitmap_format        [   0.32157] Fake format
d3d      D         d3d_disp.cpp:1174 real_choose_bitmap_format        [   0.32159] Alpha doesn't match
d3d      D         d3d_disp.cpp:1181 real_choose_bitmap_format        [   0.32160] Adapter format is 23
d3d      D         d3d_disp.cpp:1184 real_choose_bitmap_format        [   0.32161] Found a format
d3d      I         d3d_disp.cpp:2283 _al_d3d_create_bitmap            [   0.32163] Chose bitmap format 9
font     D                ttf.c:217  alloc_glyph_region               [   0.32227] Glyph 42: 47x55 (48x56)
d3d      D          d3d_bmp.cpp:467  _al_d3d_sync_bitmap              [   0.32262] _al_d3d_sync_bitmap (system) ref count == 1
d3d      D          d3d_bmp.cpp:473  _al_d3d_sync_bitmap              [   0.32264] _al_d3d_sync_bitmap (video) ref count == 2
font     D                ttf.c:217  alloc_glyph_region               [   0.32382] Glyph 40: 35x53 (36x56)
d3d      D          d3d_bmp.cpp:467  _al_d3d_sync_bitmap              [   0.32385] _al_d3d_sync_bitmap (system) ref count == 1
d3d      D          d3d_bmp.cpp:473  _al_d3d_sync_bitmap              [   0.32386] _al_d3d_sync_bitmap (video) ref count == 2
font     D                ttf.c:217  alloc_glyph_region               [   0.32766] Glyph 55: 45x53 (48x56)
d3d      D          d3d_bmp.cpp:467  _al_d3d_sync_bitmap              [   0.32776] _al_d3d_sync_bitmap (system) ref count == 1
d3d      D          d3d_bmp.cpp:473  _al_d3d_sync_bitmap              [   0.32777] _al_d3d_sync_bitmap (video) ref count == 2
font     D                ttf.c:406  cache_glyph                      [   0.32801] Glyph 3 has zero size.
font     D                ttf.c:217  alloc_glyph_region               [   0.32809] Glyph 53: 42x53 (44x56)
d3d      D          d3d_bmp.cpp:467  _al_d3d_sync_bitmap              [   0.32815] _al_d3d_sync_bitmap (system) ref count == 1
d3d      D          d3d_bmp.cpp:473  _al_d3d_sync_bitmap              [   0.32816] _al_d3d_sync_bitmap (video) ref count == 2
font     D                ttf.c:217  alloc_glyph_region               [   0.32841] Glyph 36: 49x53 (52x56)
d3d      D          d3d_bmp.cpp:467  _al_d3d_sync_bitmap              [   0.32850] _al_d3d_sync_bitmap (system) ref count == 1
d3d      D          d3d_bmp.cpp:473  _al_d3d_sync_bitmap              [   0.32851] _al_d3d_sync_bitmap (video) ref count == 2
font     D                ttf.c:217  alloc_glyph_region               [   0.32878] Glyph 39: 45x53 (48x56)
d3d      D          d3d_bmp.cpp:467  _al_d3d_sync_bitmap              [   0.32886] _al_d3d_sync_bitmap (system) ref count == 1
d3d      D          d3d_bmp.cpp:473  _al_d3d_sync_bitmap              [   0.32888] _al_d3d_sync_bitmap (video) ref count == 2
font     D                ttf.c:217  alloc_glyph_region               [   0.32915] Glyph 60: 45x53 (48x56)
d3d      D          d3d_bmp.cpp:467  _al_d3d_sync_bitmap              [   0.32921] _al_d3d_sync_bitmap (system) ref count == 1
d3d      D          d3d_bmp.cpp:473  _al_d3d_sync_bitmap              [   0.32923] _al_d3d_sync_bitmap (video) ref count == 2
d3d      D          d3d_bmp.cpp:467  _al_d3d_sync_bitmap              [   0.33197] _al_d3d_sync_bitmap (system) ref count == 1
d3d      D          d3d_bmp.cpp:473  _al_d3d_sync_bitmap              [   0.33200] _al_d3d_sync_bitmap (video) ref count == 2
d3d      D          d3d_bmp.cpp:467  _al_d3d_sync_bitmap              [   0.33204] _al_d3d_sync_bitmap (system) ref count == 1
d3d      D          d3d_bmp.cpp:473  _al_d3d_sync_bitmap              [   0.33206] _al_d3d_sync_bitmap (video) ref count == 2
d3d      D          d3d_bmp.cpp:467  _al_d3d_sync_bitmap              [   0.33214] _al_d3d_sync_bitmap (system) ref count == 1
d3d      D          d3d_bmp.cpp:473  _al_d3d_sync_bitmap              [   0.33216] _al_d3d_sync_bitmap (video) ref count == 2
font     D                ttf.c:217  alloc_glyph_region               [   5.35542] Glyph 54: 38x55 (40x56)
d3d      D          d3d_bmp.cpp:467  _al_d3d_sync_bitmap              [   5.35552] _al_d3d_sync_bitmap (system) ref count == 1
d3d      D          d3d_bmp.cpp:473  _al_d3d_sync_bitmap              [   5.35556] _al_d3d_sync_bitmap (video) ref count == 2
font     D                ttf.c:217  alloc_glyph_region               [   5.35757] Glyph 44: 9x53 (12x56)
d3d      D          d3d_bmp.cpp:467  _al_d3d_sync_bitmap              [   5.35782] _al_d3d_sync_bitmap (system) ref count == 1
d3d      D          d3d_bmp.cpp:473  _al_d3d_sync_bitmap              [   5.35786] _al_d3d_sync_bitmap (video) ref count == 2
font     D                ttf.c:217  alloc_glyph_region               [   5.35969] Glyph 49: 41x53 (44x56)
d3d      D          d3d_bmp.cpp:467  _al_d3d_sync_bitmap              [   5.35993] _al_d3d_sync_bitmap (system) ref count == 1
d3d      D          d3d_bmp.cpp:473  _al_d3d_sync_bitmap              [   5.35997] _al_d3d_sync_bitmap (video) ref count == 2
font     D                ttf.c:217  alloc_glyph_region               [   5.36375] Glyph 29: 9x38 (12x40)
d3d      D          d3d_bmp.cpp:467  _al_d3d_sync_bitmap              [   5.36403] _al_d3d_sync_bitmap (system) ref count == 1
d3d      D          d3d_bmp.cpp:473  _al_d3d_sync_bitmap              [   5.36407] _al_d3d_sync_bitmap (video) ref count == 2
font     D                ttf.c:217  alloc_glyph_region               [   5.36581] Glyph 24: 35x54 (36x56)
d3d      D          d3d_bmp.cpp:467  _al_d3d_sync_bitmap              [   5.36862] _al_d3d_sync_bitmap (system) ref count == 1
d3d      D          d3d_bmp.cpp:473  _al_d3d_sync_bitmap              [   5.36863] _al_d3d_sync_bitmap (video) ref count == 2
d3d      D          d3d_bmp.cpp:467  _al_d3d_sync_bitmap              [   5.37021] _al_d3d_sync_bitmap (system) ref count == 1
d3d      D          d3d_bmp.cpp:473  _al_d3d_sync_bitmap              [   5.37023] _al_d3d_sync_bitmap (video) ref count == 2
font     D                ttf.c:217  alloc_glyph_region               [   6.37198] Glyph 23: 39x53 (40x56)
d3d      D          d3d_bmp.cpp:467  _al_d3d_sync_bitmap              [   6.37208] _al_d3d_sync_bitmap (system) ref count == 1
d3d      D          d3d_bmp.cpp:473  _al_d3d_sync_bitmap              [   6.37213] _al_d3d_sync_bitmap (video) ref count == 2
d3d      D          d3d_bmp.cpp:467  _al_d3d_sync_bitmap              [   6.37507] _al_d3d_sync_bitmap (system) ref count == 1
d3d      D          d3d_bmp.cpp:473  _al_d3d_sync_bitmap              [   6.37517] _al_d3d_sync_bitmap (video) ref count == 2
font     D                ttf.c:217  alloc_glyph_region               [   7.37713] Glyph 22: 36x55 (36x56)
d3d      D          d3d_bmp.cpp:467  _al_d3d_sync_bitmap              [   7.37723] _al_d3d_sync_bitmap (system) ref count == 1
d3d      D          d3d_bmp.cpp:473  _al_d3d_sync_bitmap              [   7.37728] _al_d3d_sync_bitmap (video) ref count == 2
d3d      D          d3d_bmp.cpp:467  _al_d3d_sync_bitmap              [   7.38013] _al_d3d_sync_bitmap (system) ref count == 1
d3d      D          d3d_bmp.cpp:473  _al_d3d_sync_bitmap              [   7.38022] _al_d3d_sync_bitmap (video) ref count == 2
