\\fs-stu-home.hallam.shu.ac.uk\fs-stu-home5\9\c2031779\mywork\github\lua-project\lua_siclone\debug\vc143.pdb
\\fs-stu-home.hallam.shu.ac.uk\fs-stu-home5\9\c2031779\mywork\github\lua-project\lua_siclone\debug\vc143.idb
\\fs-stu-home.hallam.shu.ac.uk\fs-stu-home5\9\c2031779\mywork\github\lua-project\lua_siclone\debug\laser.obj
\\fs-stu-home.hallam.shu.ac.uk\fs-stu-home5\9\c2031779\mywork\github\lua-project\lua_siclone\debug\input.obj
\\fs-stu-home.hallam.shu.ac.uk\fs-stu-home5\9\c2031779\mywork\github\lua-project\lua_siclone\debug\game.obj
\\fs-stu-home.hallam.shu.ac.uk\fs-stu-home5\9\c2031779\mywork\github\lua-project\lua_siclone\debug\barrier.obj
\\fs-stu-home.hallam.shu.ac.uk\fs-stu-home5\9\c2031779\mywork\github\lua-project\lua_siclone\debug\ufo.obj
\\fs-stu-home.hallam.shu.ac.uk\fs-stu-home5\9\c2031779\mywork\github\lua-project\lua_siclone\debug\ship.obj
\\fs-stu-home.hallam.shu.ac.uk\fs-stu-home5\9\c2031779\mywork\github\lua-project\lua_siclone\debug\scene.obj
\\fs-stu-home.hallam.shu.ac.uk\fs-stu-home5\9\c2031779\mywork\github\lua-project\lua_siclone\debug\player.obj
\\fs-stu-home.hallam.shu.ac.uk\fs-stu-home5\9\c2031779\mywork\github\lua-project\lua_siclone\debug\mothership.obj
\\fs-stu-home.hallam.shu.ac.uk\fs-stu-home5\9\c2031779\mywork\github\lua-project\lua_siclone\debug\main.obj
\\fs-stu-home.hallam.shu.ac.uk\fs-stu-home5\9\c2031779\mywork\github\lua-project\lua_siclone\debug\helper.obj
c:\users\c2031779\desktop\lua-project\lua_siclone\debug\vc143.pdb
c:\users\c2031779\desktop\lua-project\lua_siclone\debug\vc143.idb
c:\users\c2031779\desktop\lua-project\lua_siclone\debug\laser.obj
c:\users\c2031779\desktop\lua-project\lua_siclone\debug\input.obj
c:\users\c2031779\desktop\lua-project\lua_siclone\debug\game.obj
c:\users\c2031779\desktop\lua-project\lua_siclone\debug\barrier.obj
\\fs-stu-home.hallam.shu.ac.uk\fs-stu-home5\9\c2031779\mywork\github\lua-project\lua_siclone\debug\lua_siclone.ilk
\\fs-stu-home.hallam.shu.ac.uk\fs-stu-home5\9\c2031779\mywork\github\lua-project\debug\lua_siclone.exe
\\fs-stu-home.hallam.shu.ac.uk\fs-stu-home5\9\c2031779\mywork\github\lua-project\debug\lua_siclone.pdb
c:\users\c2031779\desktop\lua-project\lua_siclone\debug\lua_siclone.ilk
c:\users\c2031779\desktop\lua-project\debug\lua_siclone.pdb
c:\users\c2031779\desktop\lua-project\lua_siclone\debug\lua_siclone.tlog\cl.command.1.tlog
c:\users\c2031779\desktop\lua-project\lua_siclone\debug\lua_siclone.tlog\cl.items.tlog
c:\users\c2031779\desktop\lua-project\lua_siclone\debug\lua_siclone.tlog\cl.read.1.tlog
c:\users\c2031779\desktop\lua-project\lua_siclone\debug\lua_siclone.tlog\cl.write.1.tlog
c:\users\c2031779\desktop\lua-project\lua_siclone\debug\lua_siclone.tlog\link.command.1.tlog
c:\users\c2031779\desktop\lua-project\lua_siclone\debug\lua_siclone.tlog\link.read.1.tlog
c:\users\c2031779\desktop\lua-project\lua_siclone\debug\lua_siclone.tlog\link.write.1.tlog
